0 info it worked if it ends with ok
1 verbose cli [ '/usr/bin/nodejs',
1 verbose cli   '/usr/bin/npm',
1 verbose cli   'owner',
1 verbose cli   'ls',
1 verbose cli   'busca_binaria_es6' ]
2 info using npm@3.10.10
3 info using node@v6.10.2
4 silly mapToRegistry name busca_binaria_es6
5 silly mapToRegistry using default registry
6 silly mapToRegistry registry https://registry.npmjs.org/
7 silly mapToRegistry data Result {
7 silly mapToRegistry   raw: 'busca_binaria_es6',
7 silly mapToRegistry   scope: null,
7 silly mapToRegistry   escapedName: 'busca_binaria_es6',
7 silly mapToRegistry   name: 'busca_binaria_es6',
7 silly mapToRegistry   rawSpec: '',
7 silly mapToRegistry   spec: 'latest',
7 silly mapToRegistry   type: 'tag' }
8 silly mapToRegistry uri https://registry.npmjs.org/busca_binaria_es6
9 verbose request uri https://registry.npmjs.org/busca_binaria_es6
10 verbose request no auth needed
11 info attempt registry request try #1 at 17:43:16
12 verbose request id 03d2bd037dbc8541
13 http request GET https://registry.npmjs.org/busca_binaria_es6
14 http 404 https://registry.npmjs.org/busca_binaria_es6
15 verbose headers { 'content-type': 'application/json',
15 verbose headers   'cache-control': 'max-age=0',
15 verbose headers   'content-length': '2',
15 verbose headers   'accept-ranges': 'bytes',
15 verbose headers   date: 'Tue, 25 Apr 2017 20:43:19 GMT',
15 verbose headers   via: '1.1 varnish',
15 verbose headers   age: '0',
15 verbose headers   connection: 'keep-alive',
15 verbose headers   'x-served-by': 'cache-gru7124-GRU',
15 verbose headers   'x-cache': 'MISS',
15 verbose headers   'x-cache-hits': '0',
15 verbose headers   'x-timer': 'S1493152998.208146,VS0,VE1375',
15 verbose headers   vary: 'Accept-Encoding' }
16 silly get cb [ 404,
16 silly get   { 'content-type': 'application/json',
16 silly get     'cache-control': 'max-age=0',
16 silly get     'content-length': '2',
16 silly get     'accept-ranges': 'bytes',
16 silly get     date: 'Tue, 25 Apr 2017 20:43:19 GMT',
16 silly get     via: '1.1 varnish',
16 silly get     age: '0',
16 silly get     connection: 'keep-alive',
16 silly get     'x-served-by': 'cache-gru7124-GRU',
16 silly get     'x-cache': 'MISS',
16 silly get     'x-cache-hits': '0',
16 silly get     'x-timer': 'S1493152998.208146,VS0,VE1375',
16 silly get     vary: 'Accept-Encoding' } ]
17 error owner ls Couldn't get owner data busca_binaria_es6
18 verbose stack Error: Registry returned 404 for GET on https://registry.npmjs.org/busca_binaria_es6
18 verbose stack     at makeError (/usr/lib/node_modules/npm/node_modules/npm-registry-client/lib/request.js:302:12)
18 verbose stack     at CachingRegistryClient.<anonymous> (/usr/lib/node_modules/npm/node_modules/npm-registry-client/lib/request.js:280:14)
18 verbose stack     at Request._callback (/usr/lib/node_modules/npm/node_modules/npm-registry-client/lib/request.js:210:14)
18 verbose stack     at Request.self.callback (/usr/lib/node_modules/npm/node_modules/request/request.js:187:22)
18 verbose stack     at emitTwo (events.js:106:13)
18 verbose stack     at Request.emit (events.js:191:7)
18 verbose stack     at Request.<anonymous> (/usr/lib/node_modules/npm/node_modules/request/request.js:1048:10)
18 verbose stack     at emitOne (events.js:96:13)
18 verbose stack     at Request.emit (events.js:188:7)
18 verbose stack     at IncomingMessage.<anonymous> (/usr/lib/node_modules/npm/node_modules/request/request.js:969:12)
19 verbose statusCode 404
20 verbose pkgid busca_binaria_es6
21 verbose cwd /home/candidosouza/Project_Learning/EU_SEI/src/github.com/estrutura-de-dados-traning/04_metodos_busca/02_busca_binaria
22 error Linux 4.4.0-72-generic
23 error argv "/usr/bin/nodejs" "/usr/bin/npm" "owner" "ls" "busca_binaria_es6"
24 error node v6.10.2
25 error npm  v3.10.10
26 error code E404
27 error 404 Registry returned 404 for GET on https://registry.npmjs.org/busca_binaria_es6
28 error 404
29 error 404 'busca_binaria_es6' is not in the npm registry.
30 error 404 You should bug the author to publish it (or use the name yourself!)
31 error 404 Note that you can also install from a
32 error 404 tarball, folder, http url, or git url.
33 verbose exit [ 1, true ]
